<?xml version="1.0" encoding="UTF-8"?>
<testsuite xmlns:xsi="http://www.w3.org/2001/XMLSchema-instance" xsi:noNamespaceSchemaLocation="https://maven.apache.org/surefire/maven-surefire-plugin/xsd/surefire-test-report.xsd" name="TestSuite" time="12.462" tests="12" errors="0" skipped="0" failures="0">
  <properties>
[...]
</properties>
  <testcase name="TC1_CreateUser" classname="com.restAssured.users_test.CreateUsersTest" time="2.094"/>
  <testcase name="TC2_CreateUser_InvalidRequest" classname="com.restAssured.users_test.CreateUsersTest" time="0.911"/>
  <testcase name="TC3_CreateUser_NullValue" classname="com.restAssured.users_test.CreateUsersTest" time="0.691"/>
  <testcase name="TC4_UpdateUser" classname="com.restAssured.users_test.CreateUsersTest" time="0.741"/>
  <testcase name="TC5_UpdateUserInvalidUserName" classname="com.restAssured.users_test.CreateUsersTest" time="0.819"/>
  <testcase name="TC6_GetUser" classname="com.restAssured.users_test.CreateUsersTest" time="0.819"/>
  <testcase name="TC1_CreatePet" classname="com.restAssured.pets_test.CreatePetTest" time="0.924"/>
  <testcase name="TC2_CreatePet_InvalidRequest" classname="com.restAssured.pets_test.CreatePetTest" time="0.922"/>
  <testcase name="TC3_UpdatePet" classname="com.restAssured.pets_test.CreatePetTest" time="0.87"/>
  <testcase name="TC4_UpdatePetInvalidStatus" classname="com.restAssured.pets_test.CreatePetTest" time="0.863"/>
  <testcase name="TC5_GetPet" classname="com.restAssured.pets_test.CreatePetTest" time="1.158"/>
  <testcase name="TC6_GetPet" classname="com.restAssured.pets_test.CreatePetTest" time="0.797"/>
</testsuite>