<?xml version="1.0" encoding="UTF-8"?>
<!-- Generated by org.testng.reporters.JUnitXMLReporter -->
<testsuite hostname="NOI-LE-ANVARAMA" failures="0" tests="12" name="APISuite" time="11.616" errors="0" timestamp="20 Jul 2023 17:13:35 GMT">
  <testcase classname="com.restAssured.users_test.CreateUsersTest" name="TC1_CreateUser" time="2.093"/>
  <testcase classname="com.restAssured.users_test.CreateUsersTest" name="TC2_CreateUser_InvalidRequest" time="0.911"/>
  <testcase classname="com.restAssured.users_test.CreateUsersTest" name="TC3_CreateUser_NullValue" time="0.691"/>
  <testcase classname="com.restAssured.users_test.CreateUsersTest" name="TC4_UpdateUser" time="0.741"/>
  <testcase classname="com.restAssured.users_test.CreateUsersTest" name="TC5_UpdateUserInvalidUserName" time="0.819"/>
  <testcase classname="com.restAssured.users_test.CreateUsersTest" name="TC6_GetUser" time="0.819"/>
  <testcase classname="com.restAssured.pets_test.CreatePetTest" name="TC1_CreatePet" time="0.924"/>
  <testcase classname="com.restAssured.pets_test.CreatePetTest" name="TC2_CreatePet_InvalidRequest" time="0.922"/>
  <testcase classname="com.restAssured.pets_test.CreatePetTest" name="TC3_UpdatePet" time="0.87"/>
  <testcase classname="com.restAssured.pets_test.CreatePetTest" name="TC4_UpdatePetInvalidStatus" time="0.863"/>
  <testcase classname="com.restAssured.pets_test.CreatePetTest" name="TC5_GetPet" time="1.159"/>
  <testcase classname="com.restAssured.pets_test.CreatePetTest" name="TC6_GetPet" time="0.796"/>
</testsuite> <!-- APISuite -->
